生成启动时间为 2018/7/19 15:25:23。
     1>项目“C:\Users\Administrator\Desktop\KVM\comBySocket\comBySocket\comBySocket.vcxproj”在节点 2 上(build 个目标)。
       项目文件包含 ToolsVersion="12.0"。此工具集可能未知或缺失。在这种情况下，通过安装 MSBuild 的正确版本，或许可以解决此问题。否则，该 build 可能已因策略原因而被强制为某个特定 ToolsVersion。将该项目视为其已具有 ToolsVersion="4.0"。有关详细信息，请参阅 http://go.microsoft.com/fwlink/?LinkId=291333。
     1>C:\Program Files (x86)\MSBuild\Microsoft.Cpp\v4.0\Microsoft.CppBuild.targets(299,5): warning MSB8004: Output 目录未以斜杠结尾。此生成实例将添加斜杠，因为必须有这个斜杠才能正确计算 Output 目录。
     1>InitializeBuildStatus:
         正在创建“Debug\comBySocket.unsuccessfulbuild”，因为已指定“AlwaysCreate”。
       CustomBuild:
         所有输出均为最新。
       ClCompile:
         所有输出均为最新。
         所有输出均为最新。
         所有输出均为最新。
       Link:
         所有输出均为最新。
         comBySocket.vcxproj -> C:\Program Files (x86)\IPKVM\comBySocket.exe
       FinalizeBuildStatus:
         正在删除文件“Debug\comBySocket.unsuccessfulbuild”。
         正在对“Debug\comBySocket.lastbuildstate”执行 Touch 任务。
     1>已完成生成项目“C:\Users\Administrator\Desktop\KVM\comBySocket\comBySocket\comBySocket.vcxproj”(build 个目标)的操作。

生成成功。

已用时间 00:00:00.07
