C:\USERS\ADMINISTRATOR\DESKTOP\COMBYSOCKET\COMBYSOCKET\DEBUG\AES.OBJ
C:\Users\Administrator\Desktop\comBySocket\comBySocket\Debug\cl.command.1.tlog
C:\Users\Administrator\Desktop\comBySocket\comBySocket\Debug\CL.read.1.tlog
C:\Users\Administrator\Desktop\comBySocket\comBySocket\Debug\CL.write.1.tlog
C:\Users\Administrator\Desktop\comBySocket\comBySocket\Debug\comBySocket.exe.intermediate.manifest
C:\USERS\ADMINISTRATOR\DESKTOP\COMBYSOCKET\COMBYSOCKET\DEBUG\COMBYSOCKET.OBJ
C:\Users\Administrator\Desktop\comBySocket\comBySocket\Debug\custombuild.command.1.tlog
C:\Users\Administrator\Desktop\comBySocket\comBySocket\Debug\custombuild.read.1.tlog
C:\Users\Administrator\Desktop\comBySocket\comBySocket\Debug\custombuild.write.1.tlog
C:\USERS\ADMINISTRATOR\DESKTOP\COMBYSOCKET\COMBYSOCKET\DEBUG\D3DES.OBJ
C:\USERS\ADMINISTRATOR\DESKTOP\COMBYSOCKET\COMBYSOCKET\DEBUG\ENCRYPT.OBJ
C:\USERS\ADMINISTRATOR\DESKTOP\COMBYSOCKET\COMBYSOCKET\DEBUG\LANBEPROTOCOL.OBJ
C:\Users\Administrator\Desktop\comBySocket\comBySocket\Debug\link.command.1.tlog
C:\Users\Administrator\Desktop\comBySocket\comBySocket\Debug\link.read.1.tlog
C:\Users\Administrator\Desktop\comBySocket\comBySocket\Debug\link.write.1.tlog
C:\USERS\ADMINISTRATOR\DESKTOP\COMBYSOCKET\COMBYSOCKET\DEBUG\MAIN.OBJ
C:\USERS\ADMINISTRATOR\DESKTOP\COMBYSOCKET\COMBYSOCKET\DEBUG\MOC_COMBYSOCKET.OBJ
C:\Users\Administrator\Desktop\comBySocket\comBySocket\Debug\mt.command.1.tlog
C:\Users\Administrator\Desktop\comBySocket\comBySocket\Debug\mt.read.1.tlog
C:\Users\Administrator\Desktop\comBySocket\comBySocket\Debug\mt.write.1.tlog
C:\USERS\ADMINISTRATOR\DESKTOP\COMBYSOCKET\COMBYSOCKET\DEBUG\QRC_COMBYSOCKET.OBJ
C:\USERS\ADMINISTRATOR\DESKTOP\COMBYSOCKET\COMBYSOCKET\DEBUG\UTILS.OBJ
C:\USERS\ADMINISTRATOR\DESKTOP\COMBYSOCKET\COMBYSOCKET\DEBUG\VC100.PDB
C:\USERS\ADMINISTRATOR\DESKTOP\COMBYSOCKET\COMBYSOCKET\GENERATEDFILES\DEBUG\MOC_COMBYSOCKET.CPP
C:\USERS\ADMINISTRATOR\DESKTOP\COMBYSOCKET\COMBYSOCKET\GENERATEDFILES\QRC_COMBYSOCKET.CPP
C:\USERS\ADMINISTRATOR\DESKTOP\COMBYSOCKET\COMBYSOCKET\GENERATEDFILES\UI_COMBYSOCKET.H
C:\USERS\ADMINISTRATOR\DESKTOP\COMBYSOCKET\WIN32\DEBUG\COMBYSOCKET.EXE.MANIFEST
C:\Users\Administrator\Desktop\comBySocket\Win32\Debug\comBySocket.pdb
