C:\PROGRAM FILES (X86)\IPKVM\COMBYSOCKET.EXE
C:\Program Files (x86)\IPKVM\comBySocket.exe.manifest
C:\PROGRAM FILES (X86)\IPKVM\COMBYSOCKET.ILK
C:\PROGRAM FILES (X86)\IPKVM\COMBYSOCKET.MAP
C:\PROGRAM FILES (X86)\IPKVM\COMBYSOCKET.PDB
C:\USERS\ADMINISTRATOR\DESKTOP\KVM\COMBYSOCKET\COMBYSOCKET\GENERATEDFILES\QRC_COMBYSOCKET.CPP
C:\USERS\ADMINISTRATOR\DESKTOP\KVM\COMBYSOCKET\COMBYSOCKET\GENERATEDFILES\RELEASE\MOC_COMBYSOCKET.CPP
C:\USERS\ADMINISTRATOR\DESKTOP\KVM\COMBYSOCKET\COMBYSOCKET\GENERATEDFILES\UI_COMBYSOCKET.H
C:\USERS\ADMINISTRATOR\DESKTOP\KVM\COMBYSOCKET\COMBYSOCKET\RELEASE\AES.OBJ
C:\Users\Administrator\Desktop\KVM\comBySocket\comBySocket\Release\cl.command.1.tlog
C:\Users\Administrator\Desktop\KVM\comBySocket\comBySocket\Release\CL.read.1.tlog
C:\Users\Administrator\Desktop\KVM\comBySocket\comBySocket\Release\CL.write.1.tlog
C:\USERS\ADMINISTRATOR\DESKTOP\KVM\COMBYSOCKET\COMBYSOCKET\RELEASE\COMBYSOCKET.EXE.INTERMEDIATE.MANIFEST
C:\USERS\ADMINISTRATOR\DESKTOP\KVM\COMBYSOCKET\COMBYSOCKET\RELEASE\COMBYSOCKET.OBJ
C:\Users\Administrator\Desktop\KVM\comBySocket\comBySocket\Release\comBySocket.vcxprojResolveAssemblyReference.cache
C:\Users\Administrator\Desktop\KVM\comBySocket\comBySocket\Release\comBySocket.write.1.tlog
C:\Users\Administrator\Desktop\KVM\comBySocket\comBySocket\Release\custombuild.command.1.tlog
C:\Users\Administrator\Desktop\KVM\comBySocket\comBySocket\Release\custombuild.read.1.tlog
C:\Users\Administrator\Desktop\KVM\comBySocket\comBySocket\Release\custombuild.write.1.tlog
C:\USERS\ADMINISTRATOR\DESKTOP\KVM\COMBYSOCKET\COMBYSOCKET\RELEASE\D3DES.OBJ
C:\USERS\ADMINISTRATOR\DESKTOP\KVM\COMBYSOCKET\COMBYSOCKET\RELEASE\ENCRYPT.OBJ
C:\USERS\ADMINISTRATOR\DESKTOP\KVM\COMBYSOCKET\COMBYSOCKET\RELEASE\LANBEPROTOCOL.OBJ
C:\Users\Administrator\Desktop\KVM\comBySocket\comBySocket\Release\link.2124.read.1.tlog
C:\Users\Administrator\Desktop\KVM\comBySocket\comBySocket\Release\link.2124.write.1.tlog
C:\Users\Administrator\Desktop\KVM\comBySocket\comBySocket\Release\link.6756.read.1.tlog
C:\Users\Administrator\Desktop\KVM\comBySocket\comBySocket\Release\link.6756.write.1.tlog
C:\Users\Administrator\Desktop\KVM\comBySocket\comBySocket\Release\link.7736.read.1.tlog
C:\Users\Administrator\Desktop\KVM\comBySocket\comBySocket\Release\link.7736.write.1.tlog
C:\Users\Administrator\Desktop\KVM\comBySocket\comBySocket\Release\link.command.1.tlog
C:\Users\Administrator\Desktop\KVM\comBySocket\comBySocket\Release\link.read.1.tlog
C:\Users\Administrator\Desktop\KVM\comBySocket\comBySocket\Release\link.write.1.tlog
C:\USERS\ADMINISTRATOR\DESKTOP\KVM\COMBYSOCKET\COMBYSOCKET\RELEASE\MAIN.OBJ
C:\USERS\ADMINISTRATOR\DESKTOP\KVM\COMBYSOCKET\COMBYSOCKET\RELEASE\MOC_COMBYSOCKET.OBJ
C:\Users\Administrator\Desktop\KVM\comBySocket\comBySocket\Release\mt.command.1.tlog
C:\Users\Administrator\Desktop\KVM\comBySocket\comBySocket\Release\mt.read.1.tlog
C:\Users\Administrator\Desktop\KVM\comBySocket\comBySocket\Release\mt.write.1.tlog
C:\USERS\ADMINISTRATOR\DESKTOP\KVM\COMBYSOCKET\COMBYSOCKET\RELEASE\QRC_COMBYSOCKET.OBJ
C:\USERS\ADMINISTRATOR\DESKTOP\KVM\COMBYSOCKET\COMBYSOCKET\RELEASE\UTILS.OBJ
